Update Managed Component C2 From CMP-2100-03606-3[100n] To CMP-2100-03606-3[CC0805KRX7R9BB104] in Display.SchDoc
Update Managed Component C3 From CMP-2100-03606-3[100n] To CMP-2100-03606-3[CC0805KRX7R9BB104] in Display.SchDoc
Update Managed Component C4 From CMP-2100-03606-3[100n] To CMP-2100-03606-3[CC0805KRX7R9BB104] in Display.SchDoc
Update Managed Component C5 From CMP-2100-03606-3[100n] To CMP-2100-03606-3[CC0805KRX7R9BB104] in Display.SchDoc
Update Managed Component C6 From CMP-2100-03606-3[100n] To CMP-2100-03606-3[CC0805KRX7R9BB104] in Display.SchDoc
Update Managed Component C7 From CMP-2100-03606-3[100n] To CMP-2100-03606-3[CC0805KRX7R9BB104] in Display.SchDoc
Update Managed Component J3 From CMP-25680-000034-1[PEC05DAAN] To CMP-25680-000034-1[PEC05DAAN] in Display.SchDoc
Update Managed Component J3 From CMP-25680-000034-1[PEC05DAAN] To CMP-25680-000034-1[PEC05DAAN] in Display.SchDoc
Update Managed Component J5 From CMP-25680-000034-1[PEC05DAAN] To CMP-25680-000034-1[PEC05DAAN] in Display.SchDoc
Update Managed Component J5 From CMP-25680-000034-1[PEC05DAAN] To CMP-25680-000034-1[PEC05DAAN] in Display.SchDoc
Replace Part N1 IN14 in C:\Users\Public\Documents\Altium\Nexie\Display.SchDoc with IN14 from NexieSpecific.IntLib
Replace Part N2 IN14 in C:\Users\Public\Documents\Altium\Nexie\Display.SchDoc with IN14 from NexieSpecific.IntLib
Replace Part N3 IN14 in C:\Users\Public\Documents\Altium\Nexie\Display.SchDoc with IN14 from NexieSpecific.IntLib
Replace Part N4 IN14 in C:\Users\Public\Documents\Altium\Nexie\Display.SchDoc with IN14 from NexieSpecific.IntLib
Replace Part N5 IN14 in C:\Users\Public\Documents\Altium\Nexie\Display.SchDoc with IN14 from NexieSpecific.IntLib
Replace Part N6 IN14 in C:\Users\Public\Documents\Altium\Nexie\Display.SchDoc with IN14 from NexieSpecific.IntLib
Update Managed Component R2 From CMP-2100-03674-1[10k] To CMP-2100-03674-1[RC1206FR-07100KL] in Display.SchDoc
Update Managed Component R3 From CMP-2100-03674-1[10k] To CMP-2100-03674-1[RC1206FR-07100KL] in Display.SchDoc
Update Managed Component R4 From CMP-2100-03674-1[10k] To CMP-2100-03674-1[RC1206FR-07100KL] in Display.SchDoc
Update Managed Component R5 From CMP-2100-03674-1[10k] To CMP-2100-03674-1[RC1206FR-07100KL] in Display.SchDoc
Update Managed Component R6 From CMP-2100-03674-1[10k] To CMP-2100-03674-1[RC1206FR-07100KL] in Display.SchDoc
Update Managed Component R7 From CMP-2100-03674-1[10k] To CMP-2100-03674-1[RC1206FR-07100KL] in Display.SchDoc
Replace Part S1 SENS in C:\Users\Public\Documents\Altium\Nexie\Display.SchDoc with SENS from NexieSpecific.IntLib
Replace Part S2 SENS in C:\Users\Public\Documents\Altium\Nexie\Display.SchDoc with SENS from NexieSpecific.IntLib
Replace Part S3 SENS in C:\Users\Public\Documents\Altium\Nexie\Display.SchDoc with SENS from NexieSpecific.IntLib
Update Managed Component U1 From CMP-2000-05026-1[1655] To CMP-2000-05026-1[1655] in Display.SchDoc
Update Managed Component U2 From CMP-2000-05026-1[1655] To CMP-2000-05026-1[1655] in Display.SchDoc
Update Managed Component U3 From CMP-2000-05026-1[1655] To CMP-2000-05026-1[1655] in Display.SchDoc
Update Managed Component U4 From CMP-2000-05026-1[1655] To CMP-2000-05026-1[1655] in Display.SchDoc
Update Managed Component U5 From CMP-2000-05026-1[1655] To CMP-2000-05026-1[1655] in Display.SchDoc
Update Managed Component U6 From CMP-2000-05026-1[1655] To CMP-2000-05026-1[1655] in Display.SchDoc
Replace Part X1 UART_HEEADER in C:\Users\Public\Documents\Altium\Nexie\Display.SchDoc with UART_HEEADER from NexieSpecific.IntLib
