Added Component: Designator=MD?(STEP_UP_180V)
Add Net: Net with name "NetC?_1" already exists
Add Net: Net with name "NetC?_1" already exists
Add Net: Net with name "NetC?_1" already exists
Add Net: Net with name "NetC?_1" already exists
Add Net: Net with name "NetC?_1" already exists
Add Net: Net with name "NetC?_2" already exists
Add Net: Net with name "NetC?_2" already exists
Add Net: Net with name "NetC?_2" already exists
Add Net: Net with name "NetC?_2" already exists
Add Net: Net with name "NetC?_2" already exists
Add Net: Net with name "NetU?_2" already exists
Add Net: Net with name "NetU?_2" already exists
Add Net: Net with name "NetU?_2" already exists
Add Net: Net with name "NetU?_2" already exists
Added Member To Class: ClassName=Sheet3 Member=Component C? 100n
Added Member To Class: ClassName=Sheet3 Member=Component C? 100n
Added Member To Class: ClassName=Sheet3 Member=Component C? 100n
Added Member To Class: ClassName=Sheet3 Member=Component C? 100n
Added Member To Class: ClassName=Sheet3 Member=Component C? 100n
Added Member To Class: ClassName=Sheet1 Member=Component IC? HV5222PG-G
Added Member To Class: ClassName=Sheet1 Member=Component MD? SZ3-1 QS30-1
Added Member To Class: ClassName=Sheet2 Member=Component MD? ESP32-DevKitC V4
Added Member To Class: ClassName=Sheet3 Member=Component MD? DS3231&AT24C32
Added Member To Class: ClassName=Sheet3 Member=Component MD? DCF77 RC8000
Added Member To Class: ClassName=Sheet1 Member=Component N? IN14
Added Member To Class: ClassName=Sheet1 Member=Component N? IN14
Added Member To Class: ClassName=Sheet1 Member=Component N? IN14
Added Member To Class: ClassName=Sheet1 Member=Component N? IN14
Added Member To Class: ClassName=Sheet1 Member=Component N? IN14
Added Member To Class: ClassName=Sheet3 Member=Component U? 1655
Added Member To Class: ClassName=Sheet3 Member=Component U? 1655
Added Member To Class: ClassName=Sheet3 Member=Component U? 1655
Added Member To Class: ClassName=Sheet3 Member=Component U? 1655
Added Member To Class: ClassName=Sheet3 Member=Component U? 1655
