Add Net: Net with name "NetC?_1" already exists
Add Net: Net with name "NetC?_1" already exists
Add Net: Net with name "NetC?_1" already exists
Add Net: Net with name "NetC?_1" already exists
Add Net: Net with name "NetC?_1" already exists
Add Net: Net with name "NetC?_2" already exists
Add Net: Net with name "NetC?_2" already exists
Add Net: Net with name "NetC?_2" already exists
Add Net: Net with name "NetC?_2" already exists
Add Net: Net with name "NetC?_2" already exists
Add Net: Net with name "NetU?_2" already exists
Add Net: Net with name "NetU?_2" already exists
Add Net: Net with name "NetU?_2" already exists
Add Net: Net with name "NetU?_2" already exists
Added Member To Class: ClassName=Sheet2 Member=Component C? 100n
Added Member To Class: ClassName=Sheet2 Member=Component C? 100n
Added Member To Class: ClassName=Sheet2 Member=Component C? 100n
Added Member To Class: ClassName=Sheet2 Member=Component C? 100n
Added Member To Class: ClassName=Sheet2 Member=Component C? 100n
Added Member To Class: ClassName=Sheet1 Member=Component IC? HV5222PG-G
Added Member To Class: ClassName=Sheet2 Member=Component M? DCF77 RC8000
Added Member To Class: ClassName=Sheet1 Member=Component N? IN14
Added Member To Class: ClassName=Sheet1 Member=Component N? IN14
Added Member To Class: ClassName=Sheet1 Member=Component N? IN14
Added Member To Class: ClassName=Sheet1 Member=Component N? IN14
Added Member To Class: ClassName=Sheet1 Member=Component N? IN14
Added Member To Class: ClassName=Sheet2 Member=Component U? 1655
Added Member To Class: ClassName=Sheet2 Member=Component U? 1655
Added Member To Class: ClassName=Sheet2 Member=Component U? 1655
Added Member To Class: ClassName=Sheet2 Member=Component U? 1655
Added Member To Class: ClassName=Sheet2 Member=Component U? 1655
