Added Component: Designator=*(SDCARD_CONN)
Add Net: Net with name "NetC?_1" already exists
Add Net: Net with name "NetC?_1" already exists
Add Net: Net with name "NetC?_1" already exists
Add Net: Net with name "NetC?_1" already exists
Add Net: Net with name "NetC?_1" already exists
Add Net: Net with name "NetC?_2" already exists
Add Net: Net with name "NetC?_2" already exists
Add Net: Net with name "NetC?_2" already exists
Add Net: Net with name "NetC?_2" already exists
Add Net: Net with name "NetC?_2" already exists
Add Net: Net with name "NetU?_2" already exists
Add Net: Net with name "NetU?_2" already exists
Add Net: Net with name "NetU?_2" already exists
Add Net: Net with name "NetU?_2" already exists
Change Class Name : Old Net Name=Sheet1 New Net Name=Display
Added Member To Class: ClassName=Misc Member=Component * MAX98357
Added Member To Class: ClassName=Misc Member=Component * SDCARD_CON
Added Member To Class: ClassName=Misc Member=Component C? 100n
Added Member To Class: ClassName=Misc Member=Component C? 100n
Added Member To Class: ClassName=Misc Member=Component C? 100n
Added Member To Class: ClassName=Misc Member=Component C? 100n
Added Member To Class: ClassName=Misc Member=Component C? 100n
Added Member To Class: ClassName=Power Supply Member=Component F? MICROSMD050F-2
Added Member To Class: ClassName=Power Supply Member=Component F? MICROSMD050F-2
Added Member To Class: ClassName=Display Member=Component IC? HV5222PG-G
Added Member To Class: ClassName=Misc Member=Component MD? DCF77 RC8000
Added Member To Class: ClassName=Power Supply Member=Component MD? MINI 560 Lolino DC DC STEP-DOWN
Added Member To Class: ClassName=Power Supply Member=Component MD? SZ3-1 QS30-1
Added Member To Class: ClassName=Display Member=Component N? IN14
Added Member To Class: ClassName=Display Member=Component N? IN14
Added Member To Class: ClassName=Display Member=Component N? IN14
Added Member To Class: ClassName=Display Member=Component N? IN14
Added Member To Class: ClassName=Display Member=Component N? IN14
Added Member To Class: ClassName=Misc Member=Component U? 1655
Added Member To Class: ClassName=Misc Member=Component U? 1655
Added Member To Class: ClassName=Misc Member=Component U? 1655
Added Member To Class: ClassName=Misc Member=Component U? 1655
Added Member To Class: ClassName=Misc Member=Component U? 1655
