Removed Pin From Net: NetName=NetJ5_5 Pin=R15-1
Removed Pin From Net: NetName=NetJ5_4 Pin=R16-1
Added Component: Designator=C1(FP-FKG-MFG)
Added Component: Designator=D1(FP-95402-MFG)
Added Component: Designator=F1(FP-microSMD-MFG)
Added Component: Designator=F2(FP-microSMD-MFG)
Added Component: Designator=F3(FP-microSMD-MFG)
Added Component: Designator=J1(SWITCH-RAPC712X-3_V)
Added Component: Designator=J2(FP-PEC05DAAN-MFG)
Added Component: Designator=J4(FP-PEC05DAAN-MFG)
Added Component: Designator=MD1(FP-ESP32-DevKitC_V4-MFG)
Added Component: Designator=P1(61300211121)
Added Component: Designator=Q1(FP-2N7002-G-IPC_C)
Added Component: Designator=R1(EXCE-VT90N1)
Added Component: Designator=R8(RESC3116X65X40ML10T20)
Added Component: Designator=R9(RESC3116X65X40ML10T20)
Add Pin To Net: Unknown Pin: Pin C1-1
Add Pin To Net: Unknown Pin: Pin C1-2
Add Pin To Net: Unknown Pin: Pin D1-1
Add Pin To Net: Unknown Pin: Pin D1-2
Add Pin To Net: Unknown Pin: Pin F1-1
Add Pin To Net: Unknown Pin: Pin F1-2
Add Pin To Net: Unknown Pin: Pin F2-1
Add Pin To Net: Unknown Pin: Pin F3-2
Add Pin To Net: Unknown Pin: Pin J1-1
Add Pin To Net: Unknown Pin: Pin J1-3
Add Pin To Net: Unknown Pin: Pin J2-1
Add Pin To Net: Unknown Pin: Pin J2-2
Add Pin To Net: Unknown Pin: Pin J2-3
Add Pin To Net: Unknown Pin: Pin J2-4
Add Pin To Net: Unknown Pin: Pin J2-5
Add Pin To Net: Unknown Pin: Pin J2-6
Add Pin To Net: Unknown Pin: Pin J2-7
Add Pin To Net: Unknown Pin: Pin J2-8
Add Pin To Net: Unknown Pin: Pin J2-10
Add Pin To Net: Unknown Pin: Pin J4-7
Add Pin To Net: Unknown Pin: Pin J4-10
Add Pin To Net: Unknown Pin: Pin MD1-14
Add Pin To Net: Unknown Pin: Pin MD1-19
Add Pin To Net: Unknown Pin: Pin MD1-32
Add Pin To Net: Unknown Pin: Pin MD1-38
Add Pin To Net: Unknown Pin: Pin P1-1
Add Pin To Net: Unknown Pin: Pin P1-2
Add Pin To Net: Unknown Pin: Pin Q1-1
Add Pin To Net: Unknown Pin: Pin Q1-2
Add Pin To Net: Unknown Pin: Pin Q1-3
Add Pin To Net: Unknown Pin: Pin R1-1
Add Pin To Net: Unknown Pin: Pin R1-2
Add Pin To Net: Unknown Pin: Pin R8-1
Add Pin To Net: Unknown Pin: Pin R8-2
Add Pin To Net: Unknown Pin: Pin R9-1
Add Pin To Net: Unknown Pin: Pin R9-2
Added Pin To Net: NetName=NetJ5_4 Pin=R15-1
Added Pin To Net: NetName=NetJ5_5 Pin=R16-1
Add Class Member: Failed to add class member : Component C1 EEE-FK1E471P
Add Class Member: Failed to add class member : Component D1 SS34-E3/57T
Add Class Member: Failed to add class member : Component F1 MICROSMD050F-2
Add Class Member: Failed to add class member : Component F2 MICROSMD050F-2
Add Class Member: Failed to add class member : Component F3 MICROSMD050F-2
Add Class Member: Failed to add class member : Component J1 RAPC712X
Add Class Member: Failed to add class member : Component J2 PEC05DAAN
Add Class Member: Failed to add class member : Component J4 PEC05DAAN
Add Class Member: Failed to add class member : Component MD1 ESP32-DevKitC V4
Add Class Member: Failed to add class member : Component P1 61300211121
Add Class Member: Failed to add class member : Component Q1 2N7002-G
Add Class Member: Failed to add class member : Component R1 VT90N1
Add Class Member: Failed to add class member : Component R8 RC1206FR-07100KL
Add Class Member: Failed to add class member : Component R9 10
Added Member To Class: ClassName=Display Member=Component R12 1K
