Removed Member From Class: ClassName=Display Member=J?
Change Component Designator: OldDesignator=J? NewDesignator=J4
Change Component Designator: OldDesignator=S? NewDesignator=S1
Change Component Designator: OldDesignator=S? NewDesignator=S2
Change Component Designator: OldDesignator=S? NewDesignator=S3
Change Component Designator: OldDesignator=X? NewDesignator=X1
Added Component: Designator=*(MAGNETIC ANTENA)
Added Component: Designator=C1(FP-FKG-MFG)
Added Component: Designator=D1(FP-95402-MFG)
Added Component: Designator=F1(FP-microSMD-MFG)
Added Component: Designator=F2(FP-microSMD-MFG)
Added Component: Designator=F3(FP-microSMD-MFG)
Added Component: Designator=J1(SWITCH-RAPC712X-3_V)
Added Component: Designator=J2(FP-PEC05DAAN-MFG)
Added Component: Designator=J5(FP-PEC05DAAN-MFG)
Added Component: Designator=MD1(FP-ESP32-DevKitC_V4-MFG)
Added Component: Designator=MD2(MINI 560 Lolino DC DC STEP-DOWN)
Added Component: Designator=MD3(MINI 560 Lolino DC DC STEP-DOWN)
Added Component: Designator=MD4(STEP_UP_180V)
Added Component: Designator=MD5(DS3231_MODULE)
Added Component: Designator=MD6(DFC77_MODULE)
Added Component: Designator=MD7(INMP441_i2s_microphone_module)
Added Component: Designator=MD8(MAX98357)
Added Component: Designator=MD9(SDCARD_CONN)
Added Component: Designator=P1(61300211121)
Added Component: Designator=R1(EXCE-VT90N1)
Added Component: Designator=R8(RESC3116X65X40ML10T20)
Added Pin To Net: NetName=GND Pin=*-SHIELD
Added Pin To Net: NetName=GND Pin=*-SHIELD
Added Pin To Net: NetName=GND Pin=*-SHIELD
Added Pin To Net: NetName=GND Pin=*-SHIELD
Add Pin To Net: Unknown Pin: Pin F1-2
Add Pin To Net: Unknown Pin: Pin F2-2
Add Pin To Net: Unknown Pin: Pin MD1-13
Add Pin To Net: Unknown Pin: Pin MD1-15
Add Pin To Net: Unknown Pin: Pin MD1-26
Add Pin To Net: Unknown Pin: Pin MD1-29
Added Pin To Net: NetName=GND Pin=MD2-GND_IN
Added Pin To Net: NetName=GND Pin=MD2-GND_IN
Added Pin To Net: NetName=GND Pin=MD2-GND_OUT
Added Pin To Net: NetName=GND Pin=MD2-GND_OUT
Added Pin To Net: NetName=NetF1_2 Pin=MD2-IN
Added Pin To Net: NetName=NetF1_2 Pin=MD2-IN
Added Pin To Net: NetName=GND Pin=MD3-GND_IN
Added Pin To Net: NetName=GND Pin=MD3-GND_IN
Added Pin To Net: NetName=GND Pin=MD3-GND_OUT
Added Pin To Net: NetName=GND Pin=MD3-GND_OUT
Added Pin To Net: NetName=NetF2_2 Pin=MD3-IN
Added Pin To Net: NetName=NetF2_2 Pin=MD3-IN
Added Pin To Net: NetName=VCC Pin=MD3-OUT
Added Pin To Net: NetName=VCC Pin=MD3-OUT
Added Pin To Net: NetName=GND Pin=MD4-GND
Added Pin To Net: NetName=GND Pin=MD4-HGND
Added Pin To Net: NetName=GND Pin=MD5-GND
Added Pin To Net: NetName=GND Pin=MD5-SHIELD
Added Pin To Net: NetName=GND Pin=MD5-SHIELD
Added Pin To Net: NetName=GND Pin=MD5-SHIELD
Added Pin To Net: NetName=VCC Pin=MD5-VCC
Added Pin To Net: NetName=GND Pin=MD6-GND
Added Pin To Net: NetName=VCC Pin=MD6-VDD
Added Pin To Net: NetName=GND Pin=MD7-GND
Added Pin To Net: NetName=VCC Pin=MD7-VDD
Added Pin To Net: NetName=GND Pin=MD8-GND
Added Pin To Net: NetName=GND Pin=MD8-SHIELD
Added Pin To Net: NetName=GND Pin=MD8-SHIELD
Added Pin To Net: NetName=VCC Pin=MD8-VDD
Added Pin To Net: NetName=GND Pin=MD9-GND
Added Pin To Net: NetName=GND Pin=MD9-SHIELD
Added Pin To Net: NetName=GND Pin=MD9-SHIELD
Added Pin To Net: NetName=VCC Pin=MD9-VCC
Add Pin To Net: Unknown Pin: Pin R1-1
Add Pin To Net: Unknown Pin: Pin R1-2
Add Pin To Net: Unknown Pin: Pin R8-1
Add Pin To Net: Unknown Pin: Pin R8-2
Added Pin To Net: NetName=NetMD5_SCL Pin=MD5-SCL
Added Net: Name=NetMD5_SCL
Added Pin To Net: NetName=NetMD5_SDA Pin=MD5-SDA
Added Net: Name=NetMD5_SDA
Added Pin To Net: NetName=NetMD6_OUT Pin=MD6-OUT
Added Net: Name=NetMD6_OUT
Added Pin To Net: NetName=NetMD6_PON Pin=MD6-PON
Added Net: Name=NetMD6_PON
Added Pin To Net: NetName=NetMD8_SPK+ Pin=MD8-SPK+
Added Net: Name=NetMD8_SPK+
Added Pin To Net: NetName=NetMD8_SPK- Pin=MD8-SPK-
Added Net: Name=NetMD8_SPK-
Added Pin To Net: NetName=NetMD9_CLK Pin=MD9-CLK
Added Net: Name=NetMD9_CLK
Added Pin To Net: NetName=NetMD9_CMD Pin=MD9-CMD
Added Net: Name=NetMD9_CMD
Added Pin To Net: NetName=NetMD9_D0 Pin=MD9-D0
Added Net: Name=NetMD9_D0
Added Pin To Net: NetName=NetMD9_D1 Pin=MD9-D1
Added Net: Name=NetMD9_D1
Added Pin To Net: NetName=NetMD9_D2 Pin=MD9-D2
Added Net: Name=NetMD9_D2
Added Pin To Net: NetName=NetMD9_D3 Pin=MD9-D3
Added Net: Name=NetMD9_D3
Added Member To Class: ClassName=Misc Member=Component * MAGNETIC ANTENA
Add Class Member: Failed to add class member : Component C1 EEE-FK1E471P
Add Class Member: Failed to add class member : Component D1 SS34-E3/57T
Add Class Member: Failed to add class member : Component F1 MICROSMD050F-2
Add Class Member: Failed to add class member : Component F2 MICROSMD050F-2
Add Class Member: Failed to add class member : Component F3 MICROSMD050F-2
Add Class Member: Failed to add class member : Component J1 RAPC712X
Add Class Member: Failed to add class member : Component J2 PEC05DAAN
Add Class Member: Failed to add class member : Component J5 PEC05DAAN
Add Class Member: Failed to add class member : Component MD1 ESP32-DevKitC V4
Added Member To Class: ClassName=Power Supply Member=Component MD2 MINI 560 Lolino DC DC STEP-DOWN
Added Member To Class: ClassName=Power Supply Member=Component MD3 MINI 560 Lolino DC DC STEP-DOWN
Added Member To Class: ClassName=Power Supply Member=Component MD4 SZ3-1 QS30-1
Added Member To Class: ClassName=Misc Member=Component MD5 DS3231&AT24C32
Added Member To Class: ClassName=Misc Member=Component MD6 DCF77 RC8000
Added Member To Class: ClassName=Misc Member=Component MD7 INMP441
Added Member To Class: ClassName=Misc Member=Component MD8 MAX98357
Added Member To Class: ClassName=Misc Member=Component MD9 SDCARD_CON
Add Class Member: Failed to add class member : Component P1 SPEAKER
Add Class Member: Failed to add class member : Component R1 VT90N1
Add Class Member: Failed to add class member : Component R8 TOBECALC
Added Member To Class: ClassName=Display Member=Component S1 TOUCHPAD
Added Member To Class: ClassName=Display Member=Component S2 TOUCHPAD
