Removed Member From Class: ClassName=Sheet2 Member=Q?
Added Component: Designator=IC?(PLCC127P1753X1753X457-44N)
Add component (AddParameter): Name = "Arrow Part Number"; Value = "HV5222PJ-G"; VariantName = "[No Variations]"
Add component (AddParameter): Name = "Arrow Price/Stock"; Value = "https://www.arrow.com/en/products/hv5222pj-g/microchip-technology?utm_currency=USD&region=nac"; VariantName = "[No Variations]"
Add component (AddParameter): Name = "Datasheet Link"; Value = "http://ww1.microchip.com/downloads/en/DeviceDoc/20005418B.pdf"; VariantName = "[No Variations]"
Add component (AddParameter): Name = "Height"; Value = "4.572mm"; VariantName = "[No Variations]"
Add component (AddParameter): Name = "Manufacturer_Name"; Value = "Microchip"; VariantName = "[No Variations]"
Add component (AddParameter): Name = "Manufacturer_Part_Number"; Value = "HV5222PJ-G"; VariantName = "[No Variations]"
Add component (AddParameter): Name = "Mouser Part Number"; Value = "689-HV5222PJ-G"; VariantName = "[No Variations]"
Add component (AddParameter): Name = "Mouser Price/Stock"; Value = "https://www.mouser.co.uk/ProductDetail/Microchip-Technology/HV5222PJ-G?qs=WSAGJ7rh4G2j0INupbrlXQ%3D%3D"; VariantName = "[No Variations]"
Added Component: Designator=IC?(PLCC127P1753X1753X457-44N)
Add component (AddParameter): Name = "Arrow Part Number"; Value = "HV5222PJ-G"; VariantName = "[No Variations]"
Add component (AddParameter): Name = "Arrow Price/Stock"; Value = "https://www.arrow.com/en/products/hv5222pj-g/microchip-technology?utm_currency=USD&region=nac"; VariantName = "[No Variations]"
Add component (AddParameter): Name = "Datasheet Link"; Value = "http://ww1.microchip.com/downloads/en/DeviceDoc/20005418B.pdf"; VariantName = "[No Variations]"
Add component (AddParameter): Name = "Height"; Value = "4.572mm"; VariantName = "[No Variations]"
Add component (AddParameter): Name = "Manufacturer_Name"; Value = "Microchip"; VariantName = "[No Variations]"
Add component (AddParameter): Name = "Manufacturer_Part_Number"; Value = "HV5222PJ-G"; VariantName = "[No Variations]"
Add component (AddParameter): Name = "Mouser Part Number"; Value = "689-HV5222PJ-G"; VariantName = "[No Variations]"
Add component (AddParameter): Name = "Mouser Price/Stock"; Value = "https://www.mouser.co.uk/ProductDetail/Microchip-Technology/HV5222PJ-G?qs=WSAGJ7rh4G2j0INupbrlXQ%3D%3D"; VariantName = "[No Variations]"
Added Member To Class: ClassName=Sheet2 Member=Component IC? HV5222PJ-G
Added Member To Class: ClassName=Sheet2 Member=Component IC? HV5222PJ-G
