Change Component Designator: OldDesignator= NewDesignator=J5
Added Component: Designator=J4(FP-PEC05DAAN-MFG)
Add component (AddParameter): Name = "Color"; Value = "Black"; VariantName = "[No Variations]"
Add component (AddParameter): Name = "Connector Type"; Value = "Male Pin"; VariantName = "[No Variations]"
Add component (AddParameter): Name = "Contact Material"; Value = "Bronze"; VariantName = "[No Variations]"
Add component (AddParameter): Name = "Contact Mating Length"; Value = "0.23inch"; VariantName = "[No Variations]"
Add component (AddParameter): Name = "Contact Plating"; Value = "Tin"; VariantName = "[No Variations]"
Add component (AddParameter): Name = "Contact Type"; Value = "Male Pin"; VariantName = "[No Variations]"
Add component (AddParameter): Name = "Gender"; Value = "Male"; VariantName = "[No Variations]"
Add component (AddParameter): Name = "Height"; Value = "2.54mm"; VariantName = "[No Variations]"
Add component (AddParameter): Name = "Housing Color"; Value = "Black"; VariantName = "[No Variations]"
Add component (AddParameter): Name = "Housing Material"; Value = "Plastic"; VariantName = "[No Variations]"
Add component (AddParameter): Name = "Lead Free"; Value = "Lead Free"; VariantName = "[No Variations]"
Add component (AddParameter): Name = "Length"; Value = "12.7mm"; VariantName = "[No Variations]"
Add component (AddParameter): Name = "Mount"; Value = "Through Hole"; VariantName = "[No Variations]"
Add component (AddParameter): Name = "Number of Contacts"; Value = "10"; VariantName = "[No Variations]"
Add component (AddParameter): Name = "Number of Positions"; Value = "10"; VariantName = "[No Variations]"
Add component (AddParameter): Name = "Number of Rows"; Value = "2"; VariantName = "[No Variations]"
Add component (AddParameter): Name = "Package Quantity"; Value = "1"; VariantName = "[No Variations]"
Add component (AddParameter): Name = "Packaging"; Value = "Bulk"; VariantName = "[No Variations]"
Add component (AddParameter): Name = "Pitch"; Value = "0.1inch"; VariantName = "[No Variations]"
Add component (AddParameter): Name = "Row Spacing"; Value = "0.1inch"; VariantName = "[No Variations]"
Add component (AddParameter): Name = "Termination"; Value = "Solder"; VariantName = "[No Variations]"
Add component (AddParameter): Name = "Width"; Value = "5.08mm"; VariantName = "[No Variations]"
Added Pin To Net: NetName=NetJ4_7 Pin=J4-7
Added Pin To Net: NetName=VCC Pin=J4-10
Added Pin To Net: NetName=DP_GND Pin=J5-10
Added Pin To Net: NetName=DP_GND Pin=X1-2
Add Net: Net with name "NetQ?_1" already exists
Add Net: Net with name "NetQ?_1" already exists
Add Net: Net with name "NetQ?_1" already exists
Add Net: Net with name "NetQ?_1" already exists
Added Member To Class: ClassName=Display Member=Component C? 100nF
Added Member To Class: ClassName=Misc Member=Component J4 PEC05DAAN
Added Member To Class: ClassName=Display Member=Component J5 PEC05DAAN
Added Member To Class: ClassName=Display Member=Component Q? SMBT2222A
Added Member To Class: ClassName=Display Member=Component Q? SMBT2222A
Added Member To Class: ClassName=Display Member=Component Q? SMBT2222A
Added Member To Class: ClassName=Display Member=Component R? 1K
Added Member To Class: ClassName=Display Member=Component R? 10k
Added Member To Class: ClassName=Display Member=Component R? 1K
Added Member To Class: ClassName=Display Member=Component R? 1K
Added Member To Class: ClassName=Display Member=Component R? 1K
Added Member To Class: ClassName=Display Member=Component R? 10k
Added Member To Class: ClassName=Display Member=Component R? 10k
