Added Component: Designator=C2(FP-CC0805-0_85-MFG)
Added Component: Designator=C3(FP-CC0805-0_85-MFG)
Added Component: Designator=C4(FP-CC0805-0_85-MFG)
Added Component: Designator=C5(FP-CC0805-0_85-MFG)
Added Component: Designator=C6(FP-CC0805-0_85-MFG)
Added Component: Designator=C7(FP-CC0805-0_85-MFG)
Added Component: Designator=J3(FP-PEC05DAAN-MFG)
Added Component: Designator=J4(FP-PEC05DAAN-MFG)
Added Component: Designator=J5(FP-PEC05DAAN-MFG)
Added Component: Designator=P1(61300211121)
Added Component: Designator=R2(RESC3116X65X40ML10T20)
Added Component: Designator=R3(RESC3116X65X40ML10T20)
Added Component: Designator=R4(RESC3116X65X40ML10T20)
Added Component: Designator=R5(RESC3116X65X40ML10T20)
Added Component: Designator=R6(RESC3116X65X40ML10T20)
Added Component: Designator=R7(RESC3116X65X40ML10T20)
Added Component: Designator=R8(RESC3116X65X40ML10T20)
Added Component: Designator=R?(RESC3116X65X40ML10T20)
Added Component: Designator=U1(ADA-RGB-1655_V)
Added Component: Designator=U2(ADA-RGB-1655_V)
Added Component: Designator=U3(ADA-RGB-1655_V)
Added Component: Designator=U4(ADA-RGB-1655_V)
Added Component: Designator=U5(ADA-RGB-1655_V)
Added Component: Designator=U6(ADA-RGB-1655_V)
Add Pin To Net: Unknown Pin: Pin C2-1
Add Pin To Net: Unknown Pin: Pin C2-2
Add Pin To Net: Unknown Pin: Pin C3-1
Add Pin To Net: Unknown Pin: Pin C3-2
Add Pin To Net: Unknown Pin: Pin C4-1
Add Pin To Net: Unknown Pin: Pin C4-2
Add Pin To Net: Unknown Pin: Pin C5-1
Add Pin To Net: Unknown Pin: Pin C5-2
Add Pin To Net: Unknown Pin: Pin C6-1
Add Pin To Net: Unknown Pin: Pin C6-2
Add Pin To Net: Unknown Pin: Pin C7-1
Add Pin To Net: Unknown Pin: Pin C7-2
Add Pin To Net: Unknown Pin: Pin J3-1
Add Pin To Net: Unknown Pin: Pin J3-2
Add Pin To Net: Unknown Pin: Pin J3-3
Add Pin To Net: Unknown Pin: Pin J3-4
Add Pin To Net: Unknown Pin: Pin J3-5
Add Pin To Net: Unknown Pin: Pin J3-6
Add Pin To Net: Unknown Pin: Pin J3-7
Add Pin To Net: Unknown Pin: Pin J3-8
Add Pin To Net: Unknown Pin: Pin J3-9
Add Pin To Net: Unknown Pin: Pin J3-10
Add Pin To Net: Unknown Pin: Pin P1-1
Add Pin To Net: Unknown Pin: Pin P1-2
Add Pin To Net: Unknown Pin: Pin R2-1
Add Pin To Net: Unknown Pin: Pin R2-2
Add Pin To Net: Unknown Pin: Pin R3-1
Add Pin To Net: Unknown Pin: Pin R3-2
Add Pin To Net: Unknown Pin: Pin R4-1
Add Pin To Net: Unknown Pin: Pin R4-2
Add Pin To Net: Unknown Pin: Pin R5-1
Add Pin To Net: Unknown Pin: Pin R5-2
Add Pin To Net: Unknown Pin: Pin R6-1
Add Pin To Net: Unknown Pin: Pin R6-2
Add Pin To Net: Unknown Pin: Pin R7-1
Add Pin To Net: Unknown Pin: Pin R7-2
Add Pin To Net: Unknown Pin: Pin U1-1
Add Pin To Net: Unknown Pin: Pin U1-2
Add Pin To Net: Unknown Pin: Pin U1-3
Add Pin To Net: Unknown Pin: Pin U1-4
Add Pin To Net: Unknown Pin: Pin U2-1
Add Pin To Net: Unknown Pin: Pin U2-2
Add Pin To Net: Unknown Pin: Pin U2-3
Add Pin To Net: Unknown Pin: Pin U2-4
Add Pin To Net: Unknown Pin: Pin U3-1
Add Pin To Net: Unknown Pin: Pin U3-2
Add Pin To Net: Unknown Pin: Pin U3-3
Add Pin To Net: Unknown Pin: Pin U3-4
Add Pin To Net: Unknown Pin: Pin U4-1
Add Pin To Net: Unknown Pin: Pin U4-2
Add Pin To Net: Unknown Pin: Pin U4-3
Add Pin To Net: Unknown Pin: Pin U4-4
Add Pin To Net: Unknown Pin: Pin U5-1
Add Pin To Net: Unknown Pin: Pin U5-2
Add Pin To Net: Unknown Pin: Pin U5-3
Add Pin To Net: Unknown Pin: Pin U5-4
Add Pin To Net: Unknown Pin: Pin U6-1
Add Pin To Net: Unknown Pin: Pin U6-2
Add Pin To Net: Unknown Pin: Pin U6-3
Add Pin To Net: Unknown Pin: Pin U6-4
Add Class Member: Failed to add class member : Component C2 100n
Add Class Member: Failed to add class member : Component C3 100n
Add Class Member: Failed to add class member : Component C4 100n
Add Class Member: Failed to add class member : Component C5 100n
Add Class Member: Failed to add class member : Component C6 100n
Add Class Member: Failed to add class member : Component C7 100n
Add Class Member: Failed to add class member : Component J3 PEC05DAAN
Add Class Member: Failed to add class member : Component J4 PEC05DAAN
Add Class Member: Failed to add class member : Component J5 PEC05DAAN
Add Class Member: Failed to add class member : Component P1 SPEAKER
Add Class Member: Failed to add class member : Component R2 10k
Add Class Member: Failed to add class member : Component R3 10k
Add Class Member: Failed to add class member : Component R4 10k
Add Class Member: Failed to add class member : Component R5 10k
Add Class Member: Failed to add class member : Component R6 10k
Add Class Member: Failed to add class member : Component R7 10k
Add Class Member: Failed to add class member : Component R8 TOBECALC
Add Class Member: Failed to add class member : Component R? TOBECALC
Add Class Member: Failed to add class member : Component U1 1655
Add Class Member: Failed to add class member : Component U2 1655
Add Class Member: Failed to add class member : Component U3 1655
Add Class Member: Failed to add class member : Component U4 1655
Add Class Member: Failed to add class member : Component U5 1655
Add Class Member: Failed to add class member : Component U6 1655
